<?xml version="1.0" encoding="UTF-8"?>
<testsuite xmlns:xsi="http://www.w3.org/2001/XMLSchema-instance" xsi:noNamespaceSchemaLocation="https://maven.apache.org/surefire/maven-surefire-plugin/xsd/surefire-test-report-3.0.xsd" version="3.0" name="com.flamenkito.bpmn.BpmnParserTest" time="0.16" tests="1" errors="0" skipped="0" failures="1">
  <properties>
[...]
</properties>
  <testcase name="should parse user registration process correctly" classname="com.flamenkito.bpmn.BpmnParserTest" time="0.153">
    <failure message="&#10;Expected size: 8 but was: 10 in:&#10;[StartEvent(id=start_registration, name=Registration Started),&#10;    Task(id=fill_registration_form, name=Fill Registration Form, type=USER_TASK),&#10;    Task(id=validate_user_data, name=Validate User Data, type=SERVICE_TASK),&#10;    Gateway(id=check_validation, name=Is Data Valid?, type=EXCLUSIVE),&#10;    Task(id=send_verification_email, name=Send Verification Email, type=SERVICE_TASK),&#10;    Task(id=verify_email, name=Wait for Email Verification, type=USER_TASK),&#10;    Task(id=create_user_account, name=Create User Account, type=SERVICE_TASK),&#10;    Task(id=send_welcome_email, name=Send Welcome Email, type=SERVICE_TASK),&#10;    EndEvent(id=registration_completed, name=Registration Completed),&#10;    EndEvent(id=registration_failed, name=Registration Failed)]" type="java.lang.AssertionError"><![CDATA[java.lang.AssertionError: 

Expected size: 8 but was: 10 in:
[StartEvent(id=start_registration, name=Registration Started),
    Task(id=fill_registration_form, name=Fill Registration Form, type=USER_TASK),
    Task(id=validate_user_data, name=Validate User Data, type=SERVICE_TASK),
    Gateway(id=check_validation, name=Is Data Valid?, type=EXCLUSIVE),
    Task(id=send_verification_email, name=Send Verification Email, type=SERVICE_TASK),
    Task(id=verify_email, name=Wait for Email Verification, type=USER_TASK),
    Task(id=create_user_account, name=Create User Account, type=SERVICE_TASK),
    Task(id=send_welcome_email, name=Send Welcome Email, type=SERVICE_TASK),
    EndEvent(id=registration_completed, name=Registration Completed),
    EndEvent(id=registration_failed, name=Registration Failed)]
	at com.flamenkito.bpmn.BpmnParserTest.should parse user registration process correctly(BpmnParserTest.kt:39)
	at java.base/java.lang.reflect.Method.invoke(Method.java:580)
	at java.base/java.util.ArrayList.forEach(ArrayList.java:1596)
	at java.base/java.util.ArrayList.forEach(ArrayList.java:1596)
]]></failure>
  </testcase>
</testsuite>